# JRE version: OpenJDK Runtime Environment (8.0_212-b04) (build 1.8.0_212-release-1586-b04)
# Java VM: OpenJDK 64-Bit Server VM (25.212-b04 mixed mode windows-amd64 compressed oops)
Heap:
 PSYoungGen      total 86016K, used 23932K [0x000000076ae00000, 0x0000000775f80000, 0x00000007c0000000)
  eden space 75264K, 17% used [0x000000076ae00000,0x000000076bae2448,0x000000076f780000)
  from space 10752K, 99% used [0x0000000771300000,0x0000000771d7ced8,0x0000000771d80000)
  to   space 28160K, 0% used [0x000000076f780000,0x000000076f780000,0x0000000771300000)
 ParOldGen       total 118272K, used 47406K [0x00000006c0a00000, 0x00000006c7d80000, 0x000000076ae00000)
  object space 118272K, 40% used [0x00000006c0a00000,0x00000006c384b808,0x00000006c7d80000)
 Metaspace       used 50765K, capacity 51766K, committed 51888K, reserved 1095680K
  class space    used 6290K, capacity 6558K, committed 6576K, reserved 1048576K
GC Heap History (10 events):
Event: 2.300 GC heap before
{Heap before GC invocations=4 (full 1):
 PSYoungGen      total 76288K, used 65536K [0x000000076ae00000, 0x0000000774300000, 0x00000007c0000000)
  eden space 65536K, 100% used [0x000000076ae00000,0x000000076ee00000,0x000000076ee00000)
  from space 10752K, 0% used [0x000000076f880000,0x000000076f880000,0x0000000770300000)
  to   space 10752K, 0% used [0x000000076ee00000,0x000000076ee00000,0x000000076f880000)
 ParOldGen       total 118272K, used 9509K [0x00000006c0a00000, 0x00000006c7d80000, 0x000000076ae00000)
  object space 118272K, 8% used [0x00000006c0a00000,0x00000006c13494e0,0x00000006c7d80000)
 Metaspace       used 29109K, capacity 29576K, committed 29872K, reserved 1075200K
  class space    used 3529K, capacity 3669K, committed 3760K, reserved 1048576K
Event: 2.312 GC heap after
Heap after GC invocations=4 (full 1):
 PSYoungGen      total 76288K, used 10739K [0x000000076ae00000, 0x0000000771d80000, 0x00000007c0000000)
  eden space 65536K, 0% used [0x000000076ae00000,0x000000076ae00000,0x000000076ee00000)
  from space 10752K, 99% used [0x000000076ee00000,0x000000076f87ceb0,0x000000076f880000)
  to   space 10752K, 0% used [0x0000000771300000,0x0000000771300000,0x0000000771d80000)
 ParOldGen       total 118272K, used 14725K [0x00000006c0a00000, 0x00000006c7d80000, 0x000000076ae00000)
  object space 118272K, 12% used [0x00000006c0a00000,0x00000006c1861588,0x00000006c7d80000)
 Metaspace       used 29109K, capacity 29576K, committed 29872K, reserved 1075200K
  class space    used 3529K, capacity 3669K, committed 3760K, reserved 1048576K
}
Event: 2.943 GC heap before
{Heap before GC invocations=5 (full 1):
 PSYoungGen      total 76288K, used 44342K [0x000000076ae00000, 0x0000000771d80000, 0x00000007c0000000)
  eden space 65536K, 51% used [0x000000076ae00000,0x000000076ced0c40,0x000000076ee00000)
  from space 10752K, 99% used [0x000000076ee00000,0x000000076f87ceb0,0x000000076f880000)
  to   space 10752K, 0% used [0x0000000771300000,0x0000000771300000,0x0000000771d80000)
 ParOldGen       total 118272K, used 14725K [0x00000006c0a00000, 0x00000006c7d80000, 0x000000076ae00000)
  object space 118272K, 12% used [0x00000006c0a00000,0x00000006c1861588,0x00000006c7d80000)
 Metaspace       used 34724K, capacity 35188K, committed 35496K, reserved 1081344K
  class space    used 4400K, capacity 4549K, committed 4656K, reserved 1048576K
Event: 2.952 GC heap after
Heap after GC invocations=5 (full 1):
 PSYoungGen      total 102912K, used 10745K [0x000000076ae00000, 0x0000000771d80000, 0x00000007c0000000)
  eden space 92160K, 0% used [0x000000076ae00000,0x000000076ae00000,0x0000000770800000)
  from space 10752K, 99% used [0x0000000771300000,0x0000000771d7e588,0x0000000771d80000)
  to   space 10752K, 0% used [0x0000000770880000,0x0000000770880000,0x0000000771300000)
 ParOldGen       total 118272K, used 19182K [0x00000006c0a00000, 0x00000006c7d80000, 0x000000076ae00000)
  object space 118272K, 16% used [0x00000006c0a00000,0x00000006c1cbb950,0x00000006c7d80000)
 Metaspace       used 34724K, capacity 35188K, committed 35496K, reserved 1081344K
  class space    used 4400K, capacity 4549K, committed 4656K, reserved 1048576K
}
Event: 2.952 GC heap before
{Heap before GC invocations=6 (full 2):
 PSYoungGen      total 102912K, used 10745K [0x000000076ae00000, 0x0000000771d80000, 0x00000007c0000000)
  eden space 92160K, 0% used [0x000000076ae00000,0x000000076ae00000,0x0000000770800000)
  from space 10752K, 99% used [0x0000000771300000,0x0000000771d7e588,0x0000000771d80000)
  to   space 10752K, 0% used [0x0000000770880000,0x0000000770880000,0x0000000771300000)
 ParOldGen       total 118272K, used 19182K [0x00000006c0a00000, 0x00000006c7d80000, 0x000000076ae00000)
  object space 118272K, 16% used [0x00000006c0a00000,0x00000006c1cbb950,0x00000006c7d80000)
 Metaspace       used 34724K, capacity 35188K, committed 35496K, reserved 1081344K
  class space    used 4400K, capacity 4549K, committed 4656K, reserved 1048576K
Event: 2.995 GC heap after
Heap after GC invocations=6 (full 2):
 PSYoungGen      total 102912K, used 0K [0x000000076ae00000, 0x0000000771d80000, 0x00000007c0000000)
  eden space 92160K, 0% used [0x000000076ae00000,0x000000076ae00000,0x0000000770800000)
  from space 10752K, 0% used [0x0000000771300000,0x0000000771300000,0x0000000771d80000)
  to   space 10752K, 0% used [0x0000000770880000,0x0000000770880000,0x0000000771300000)
 ParOldGen       total 118272K, used 20751K [0x00000006c0a00000, 0x00000006c7d80000, 0x000000076ae00000)
  object space 118272K, 17% used [0x00000006c0a00000,0x00000006c1e43f20,0x00000006c7d80000)
 Metaspace       used 34724K, capacity 35188K, committed 35496K, reserved 1081344K
  class space    used 4400K, capacity 4549K, committed 4656K, reserved 1048576K
}
Event: 4.642 GC heap before
{Heap before GC invocations=7 (full 2):
 PSYoungGen      total 102912K, used 92160K [0x000000076ae00000, 0x0000000771d80000, 0x00000007c0000000)
  eden space 92160K, 100% used [0x000000076ae00000,0x0000000770800000,0x0000000770800000)
  from space 10752K, 0% used [0x0000000771300000,0x0000000771300000,0x0000000771d80000)
  to   space 10752K, 0% used [0x0000000770880000,0x0000000770880000,0x0000000771300000)
 ParOldGen       total 118272K, used 20751K [0x00000006c0a00000, 0x00000006c7d80000, 0x000000076ae00000)
  object space 118272K, 17% used [0x00000006c0a00000,0x00000006c1e43f20,0x00000006c7d80000)
 Metaspace       used 44948K, capacity 45724K, committed 46128K, reserved 1089536K
  class space    used 5630K, capacity 5841K, committed 5936K, reserved 1048576K
Event: 4.657 GC heap after
Heap after GC invocations=7 (full 2):
 PSYoungGen      total 102912K, used 10730K [0x000000076ae00000, 0x0000000771d80000, 0x00000007c0000000)
  eden space 92160K, 0% used [0x000000076ae00000,0x000000076ae00000,0x0000000770800000)
  from space 10752K, 99% used [0x0000000770880000,0x00000007712fa9e8,0x0000000771300000)
  to   space 10752K, 0% used [0x0000000771300000,0x0000000771300000,0x0000000771d80000)
 ParOldGen       total 118272K, used 30665K [0x00000006c0a00000, 0x00000006c7d80000, 0x000000076ae00000)
  object space 118272K, 25% used [0x00000006c0a00000,0x00000006c27f24a8,0x00000006c7d80000)
 Metaspace       used 44948K, capacity 45724K, committed 46128K, reserved 1089536K
  class space    used 5630K, capacity 5841K, committed 5936K, reserved 1048576K
}
Event: 6.203 GC heap before
{Heap before GC invocations=8 (full 2):
 PSYoungGen      total 102912K, used 102890K [0x000000076ae00000, 0x0000000771d80000, 0x00000007c0000000)
  eden space 92160K, 100% used [0x000000076ae00000,0x0000000770800000,0x0000000770800000)
  from space 10752K, 99% used [0x0000000770880000,0x00000007712fa9e8,0x0000000771300000)
  to   space 10752K, 0% used [0x0000000771300000,0x0000000771300000,0x0000000771d80000)
 ParOldGen       total 118272K, used 30665K [0x00000006c0a00000, 0x00000006c7d80000, 0x000000076ae00000)
  object space 118272K, 25% used [0x00000006c0a00000,0x00000006c27f24a8,0x00000006c7d80000)
 Metaspace       used 49997K, capacity 50922K, committed 51120K, reserved 1093632K
  class space    used 6249K, capacity 6494K, committed 6576K, reserved 1048576K
Event: 6.225 GC heap after
Heap after GC invocations=8 (full 2):
 PSYoungGen      total 86016K, used 10739K [0x000000076ae00000, 0x0000000775f80000, 0x00000007c0000000)
  eden space 75264K, 0% used [0x000000076ae00000,0x000000076ae00000,0x000000076f780000)
  from space 10752K, 99% used [0x0000000771300000,0x0000000771d7ced8,0x0000000771d80000)
  to   space 28160K, 0% used [0x000000076f780000,0x000000076f780000,0x0000000771300000)
 ParOldGen       total 118272K, used 47406K [0x00000006c0a00000, 0x00000006c7d80000, 0x000000076ae00000)
  object space 118272K, 40% used [0x00000006c0a00000,0x00000006c384b808,0x00000006c7d80000)
 Metaspace       used 49997K, capacity 50922K, committed 51120K, reserved 1093632K
  class space    used 6249K, capacity 6494K, committed 6576K, reserved 1048576K
}

